0 info it worked if it ends with ok
1 verbose cli [ 'C:\\Program Files\\nodejs\\\\node.exe',
1 verbose cli   'C:\\Program Files\\nodejs\\node_modules\\npm\\bin\\npm-cli.js',
1 verbose cli   'install',
1 verbose cli   'less-watch-compiler',
1 verbose cli   '--save' ]
2 info using npm@1.4.28
3 info using node@v0.10.33
4 verbose node symlink C:\Program Files\nodejs\\node.exe
5 verbose readDependencies using package.json deps
6 verbose cache add [ 'less-watch-compiler', null ]
7 verbose cache add name=undefined spec="less-watch-compiler" args=["less-watch-compiler",null]
8 verbose parsed url { protocol: null,
8 verbose parsed url   slashes: null,
8 verbose parsed url   auth: null,
8 verbose parsed url   host: null,
8 verbose parsed url   port: null,
8 verbose parsed url   hostname: null,
8 verbose parsed url   hash: null,
8 verbose parsed url   search: null,
8 verbose parsed url   query: null,
8 verbose parsed url   pathname: 'less-watch-compiler',
8 verbose parsed url   path: 'less-watch-compiler',
8 verbose parsed url   href: 'less-watch-compiler' }
9 silly lockFile b056bcfe-less-watch-compiler less-watch-compiler
10 verbose lock less-watch-compiler C:\Users\瑞佳\AppData\Roaming\npm-cache\b056bcfe-less-watch-compiler.lock
11 silly lockFile b056bcfe-less-watch-compiler less-watch-compiler
12 silly lockFile b056bcfe-less-watch-compiler less-watch-compiler
13 verbose addNamed [ 'less-watch-compiler', '' ]
14 verbose addNamed [ null, '*' ]
15 silly lockFile b3e34314-less-watch-compiler less-watch-compiler@
16 verbose lock less-watch-compiler@ C:\Users\瑞佳\AppData\Roaming\npm-cache\b3e34314-less-watch-compiler.lock
17 silly addNameRange { name: 'less-watch-compiler', range: '*', hasData: false }
18 verbose request where is /less-watch-compiler
19 verbose request registry https://registry.npmjs.org/
20 verbose request id 652b1ba1f8b15da6
21 verbose url raw /less-watch-compiler
22 verbose url resolving [ 'https://registry.npmjs.org/', './less-watch-compiler' ]
23 verbose url resolved https://registry.npmjs.org/less-watch-compiler
24 verbose request where is https://registry.npmjs.org/less-watch-compiler
25 info trying registry request attempt 1 at 07:43:51
26 http GET https://registry.npmjs.org/less-watch-compiler
27 http 404 https://registry.npmjs.org/less-watch-compiler
28 verbose headers { date: 'Sat, 31 Jan 2015 23:42:55 GMT',
28 verbose headers   server: 'CouchDB/1.5.0 (Erlang OTP/R16B03)',
28 verbose headers   'content-type': 'application/json',
28 verbose headers   'cache-control': 'max-age=0',
28 verbose headers   'content-length': '52',
28 verbose headers   'accept-ranges': 'bytes',
28 verbose headers   via: '1.1 varnish',
28 verbose headers   age: '0',
28 verbose headers   'x-served-by': 'cache-ty68-TYO',
28 verbose headers   'x-cache': 'MISS',
28 verbose headers   'x-cache-hits': '0',
28 verbose headers   'x-timer': 'S1422747774.802484,VS0,VE523',
28 verbose headers   'keep-alive': 'timeout=10, max=50',
28 verbose headers   connection: 'Keep-Alive' }
29 silly registry.get cb [ 404,
29 silly registry.get   { date: 'Sat, 31 Jan 2015 23:42:55 GMT',
29 silly registry.get     server: 'CouchDB/1.5.0 (Erlang OTP/R16B03)',
29 silly registry.get     'content-type': 'application/json',
29 silly registry.get     'cache-control': 'max-age=0',
29 silly registry.get     'content-length': '52',
29 silly registry.get     'accept-ranges': 'bytes',
29 silly registry.get     via: '1.1 varnish',
29 silly registry.get     age: '0',
29 silly registry.get     'x-served-by': 'cache-ty68-TYO',
29 silly registry.get     'x-cache': 'MISS',
29 silly registry.get     'x-cache-hits': '0',
29 silly registry.get     'x-timer': 'S1422747774.802484,VS0,VE523',
29 silly registry.get     'keep-alive': 'timeout=10, max=50',
29 silly registry.get     connection: 'Keep-Alive' } ]
30 silly lockFile b3e34314-less-watch-compiler less-watch-compiler@
31 silly lockFile b3e34314-less-watch-compiler less-watch-compiler@
32 error 404 404 Not Found: less-watch-compiler
32 error 404
32 error 404 'less-watch-compiler' is not in the npm registry.
32 error 404 You should bug the author to publish it
32 error 404 It was specified as a dependency of 'app'
32 error 404
32 error 404 Note that you can also install from a
32 error 404 tarball, folder, or http url, or git url.
33 error System Windows_NT 6.2.9200
34 error command "C:\\Program Files\\nodejs\\\\node.exe" "C:\\Program Files\\nodejs\\node_modules\\npm\\bin\\npm-cli.js" "install" "less-watch-compiler" "--save"
35 error cwd E:\Workspace\nxManager
36 error node -v v0.10.33
37 error npm -v 1.4.28
38 error code E404
39 verbose exit [ 1, true ]
